
> app@0.0.0 start /root
> node ./bin/www

Environment: development
Warning: Redis server does not require a password, but a password was supplied.
[+] MongoDB Connected !
[0mGET / [32m200 [0m568.714 ms - -[0m
[0mGET /css/normalize.css [32m200 [0m9.564 ms - -[0m
[0mGET /css/main.css [32m200 [0m9.324 ms - -[0m
[0mGET /css/common/common.css [32m200 [0m9.398 ms - -[0m
[0mGET /js/common.js [32m200 [0m6.922 ms - -[0m
[0mGET /api/session [32m200 [0m5.922 ms - 54[0m
[0mGET /font/CaviarDreams.ttf [32m200 [0m14.436 ms - -[0m
[0mGET /font/SWISS-LIGHT.ttf [32m200 [0m13.240 ms - -[0m
[0mGET /font/MYRIADPRO-REGULAR.OTF [32m200 [0m23.068 ms - -[0m
[0mGET /img/capitol.jpg [32m200 [0m839.661 ms - 131360[0m
[+] Bad request has been logged
{ [Error: Not Found] status: 404 }
[0mGET /favicon.ico [33m404 [0m108.515 ms - -[0m
[0mGET / [36m304 [0m197.966 ms - -[0m
[0mGET /css/normalize.css [36m304 [0m4.351 ms - -[0m
[0mGET /css/main.css [36m304 [0m3.717 ms - -[0m
[0mGET /css/common/common.css [36m304 [0m2.373 ms - -[0m
[0mGET /js/common.js [36m304 [0m2.508 ms - -[0m
[0mGET /img/capitol.jpg [36m304 [0m1.103 ms - -[0m
[0mGET /api/session [36m304 [0m2.225 ms - -[0m
[0mGET /signin [32m200 [0m171.998 ms - -[0m
[0mGET /css/normalize.css [36m304 [0m7.737 ms - -[0m
[0mGET /css/main.css [36m304 [0m4.950 ms - -[0m
[0mGET /css/common/common.css [36m304 [0m3.597 ms - -[0m
[0mGET /js/common.js [36m304 [0m3.871 ms - -[0m
[0mGET /js/login.js [32m200 [0m3.809 ms - -[0m
[0mGET /font/MYRIADPRO-COND.OTF [32m200 [0m14.989 ms - -[0m
[0mGET /api/session [36m304 [0m1.885 ms - -[0m
[0mGET /signin [36m304 [0m249.263 ms - -[0m
[0mGET /css/normalize.css [36m304 [0m4.497 ms - -[0m
[0mGET /css/main.css [36m304 [0m3.793 ms - -[0m
[0mGET /css/common/common.css [36m304 [0m4.632 ms - -[0m
[0mGET /js/common.js [36m304 [0m1.970 ms - -[0m
[0mGET /js/login.js [36m304 [0m2.217 ms - -[0m
[0mGET /api/session [36m304 [0m3.794 ms - -[0m
[0mGET /signup [32m200 [0m201.382 ms - -[0m
[0mGET /css/normalize.css [36m304 [0m4.718 ms - -[0m
[0mGET /css/main.css [36m304 [0m3.743 ms - -[0m
[0mGET /css/common/common.css [36m304 [0m3.844 ms - -[0m
[0mGET /js/common.js [36m304 [0m1.987 ms - -[0m
[0mGET /js/register.js [32m200 [0m2.789 ms - -[0m
[0mGET /api/session [36m304 [0m1.942 ms - -[0m
[0mGET / [36m304 [0m229.298 ms - -[0m
[0mGET /css/normalize.css [36m304 [0m5.133 ms - -[0m
[0mGET /css/main.css [36m304 [0m5.562 ms - -[0m
[0mGET /css/common/common.css [36m304 [0m5.070 ms - -[0m
[0mGET /js/common.js [36m304 [0m3.811 ms - -[0m
[0mGET /img/capitol.jpg [36m304 [0m2.049 ms - -[0m
[0mGET /api/session [36m304 [0m3.272 ms - -[0m
[0mGET / [36m304 [0m146.586 ms - -[0m
[0mGET /css/normalize.css [36m304 [0m2.202 ms - -[0m
[0mGET /css/main.css [36m304 [0m1.717 ms - -[0m
[0mGET /css/common/common.css [36m304 [0m1.337 ms - -[0m
[0mGET /js/common.js [36m304 [0m1.224 ms - -[0m
[0mGET /img/capitol.jpg [36m304 [0m2.341 ms - -[0m
[0mGET /font/CaviarDreams.ttf [36m304 [0m1.189 ms - -[0m
[0mGET /font/MYRIADPRO-REGULAR.OTF [36m304 [0m1.061 ms - -[0m
[0mGET /font/SWISS-LIGHT.ttf [36m304 [0m1.585 ms - -[0m
[0mGET /api/session [36m304 [0m2.469 ms - -[0m
[+] Bad request has been logged
{ [Error: Not Found] status: 404 }
[0mGET /favicon.ico [33m404 [0m71.873 ms - -[0m
[0mGET /tips [32m200 [0m181.303 ms - -[0m
[0mGET /css/normalize.css [36m304 [0m3.927 ms - -[0m
[0mGET /css/main.css [36m304 [0m3.261 ms - -[0m
[0mGET /css/common/common.css [36m304 [0m3.213 ms - -[0m
[0mGET /js/common.js [36m304 [0m1.675 ms - -[0m
[0mGET /js/tips.js [32m200 [0m3.450 ms - 650[0m
[0mGET /css/tips/tips.css [32m200 [0m6.038 ms - -[0m
[0mGET /font/MYRIADPRO-COND.OTF [36m304 [0m3.029 ms - -[0m
[0mGET /api/session [36m304 [0m2.953 ms - -[0m
[0mGET / [36m304 [0m187.305 ms - -[0m
[0mGET /css/normalize.css [36m304 [0m3.210 ms - -[0m
[0mGET /css/main.css [36m304 [0m2.018 ms - -[0m
[0mGET /css/common/common.css [36m304 [0m1.960 ms - -[0m
[0mGET /js/common.js [36m304 [0m1.278 ms - -[0m
[0mGET /img/capitol.jpg [36m304 [0m1.229 ms - -[0m
[0mGET /api/session [36m304 [0m2.094 ms - -[0m
[+] Bad request has been logged
{ [Error: Not Found] status: 404 }
[0mGET /cgi-bin/php [33m404 [0m53.836 ms - -[0m
[0mGET / [32m200 [0m142.174 ms - -[0m
[+] Bad request has been logged
{ [Error: Not Found] status: 404 }
[0mGET /cgi-bin/bash [33m404 [0m47.926 ms - -[0m
[+] Bad request has been logged
{ [Error: Not Found] status: 404 }
[0mGET /cgi-bin/contact.cgi [33m404 [0m46.048 ms - -[0m
[+] Bad request has been logged
{ [Error: Not Found] status: 404 }
[0mGET /cgi-bin/defaultwebpage.cgi [33m404 [0m45.361 ms - -[0m
[+] Bad request has been logged
{ [Error: Not Found] status: 404 }
[0mGET /cgi-bin/env.cgi [33m404 [0m73.394 ms - -[0m
[+] Bad request has been logged
{ [Error: Not Found] status: 404 }
[0mGET /cgi-bin/fire.cgi [33m404 [0m45.660 ms - -[0m
[+] Bad request has been logged
{ [Error: Not Found] status: 404 }
[0mGET /cgi-bin/forum.cgi [33m404 [0m41.926 ms - -[0m
[+] Bad request has been logged
{ [Error: Not Found] status: 404 }
[0mGET /cgi-bin/hello.cgi [33m404 [0m58.576 ms - -[0m
[+] Bad request has been logged
{ [Error: Not Found] status: 404 }
[0mGET /cgi-bin/index.cgi [33m404 [0m45.762 ms - -[0m
[+] Bad request has been logged
{ [Error: Not Found] status: 404 }
[0mGET /cgi-bin/login.cgi [33m404 [0m54.481 ms - -[0m
[+] Bad request has been logged
{ [Error: Not Found] status: 404 }
[0mGET /cgi-bin/main.cgi [33m404 [0m62.518 ms - -[0m
[+] Bad request has been logged
{ [Error: Not Found] status: 404 }
[0mGET /cgi-bin/meme.cgi [33m404 [0m62.858 ms - -[0m
[+] Bad request has been logged
{ [Error: Not Found] status: 404 }
[0mGET /cgi-bin/php4 [33m404 [0m67.227 ms - -[0m
[+] Bad request has been logged
{ [Error: Not Found] status: 404 }
[0mGET /cgi-bin/php5 [33m404 [0m62.230 ms - -[0m
[+] Bad request has been logged
{ [Error: Not Found] status: 404 }
[0mGET /cgi-bin/php5-cli [33m404 [0m43.987 ms - -[0m
[+] Bad request has been logged
{ [Error: Not Found] status: 404 }
[0mGET /cgi-bin/recent.cgi [33m404 [0m46.354 ms - -[0m
[+] Bad request has been logged
{ [Error: Not Found] status: 404 }
[0mGET /cgi-bin/sat-ir-web.pl [33m404 [0m43.956 ms - -[0m
[+] Bad request has been logged
{ [Error: Not Found] status: 404 }
[0mGET /cgi-bin-sdb/printenv [33m404 [0m46.736 ms - -[0m
[+] Bad request has been logged
{ [Error: Not Found] status: 404 }
[0mGET /cgi-bin/test-cgi [33m404 [0m45.162 ms - -[0m
[+] Bad request has been logged
{ [Error: Not Found] status: 404 }
[0mGET /cgi-bin/test.cgi [33m404 [0m44.617 ms - -[0m
[+] Bad request has been logged
{ [Error: Not Found] status: 404 }
[0mGET /cgi-bin/test-cgi.pl [33m404 [0m64.255 ms - -[0m
[+] Bad request has been logged
{ [Error: Not Found] status: 404 }
[0mGET /cgi-bin/test.sh [33m404 [0m51.642 ms - -[0m
[+] Bad request has been logged
{ [Error: Not Found] status: 404 }
[0mGET /cgi-bin/tools/tools.pl [33m404 [0m43.377 ms - -[0m
[+] Bad request has been logged
{ [Error: Not Found] status: 404 }
[0mGET /cgi-mod/index.cgi [33m404 [0m49.707 ms - -[0m
[+] Bad request has been logged
{ [Error: Not Found] status: 404 }
[0mGET /cgi-sys/defaultwebpage.cgi [33m404 [0m42.454 ms - -[0m
[+] Bad request has been logged
{ [Error: Not Found] status: 404 }
[0mGET /cgi-sys/entropysearch.cgi [33m404 [0m42.600 ms - -[0m
[+] Bad request has been logged
{ [Error: Not Found] status: 404 }
[0mGET /cgi-sys/php5 [33m404 [0m45.813 ms - -[0m
[+] Bad request has been logged
{ [Error: Not Found] status: 404 }
[0mGET /phppath/cgi_wrapper [33m404 [0m45.395 ms - -[0m
[+] Bad request has been logged
{ [Error: Not Found] status: 404 }
[0mGET /phppath/php [33m404 [0m43.470 ms - -[0m
[0mGET / [36m304 [0m178.979 ms - -[0m
[0mGET /css/normalize.css [36m304 [0m1.652 ms - -[0m
[0mGET /css/main.css [36m304 [0m1.619 ms - -[0m
[0mGET /css/common/common.css [36m304 [0m1.539 ms - -[0m
[0mGET /js/common.js [36m304 [0m1.111 ms - -[0m
[0mGET /img/capitol.jpg [36m304 [0m1.603 ms - -[0m
[0mGET /api/session [36m304 [0m1.928 ms - -[0m
[0mGET /signup [36m304 [0m206.516 ms - -[0m
[0mGET /css/normalize.css [36m304 [0m2.186 ms - -[0m
[0mGET /css/main.css [36m304 [0m1.168 ms - -[0m
[0mGET /css/common/common.css [36m304 [0m1.457 ms - -[0m
[0mGET /js/common.js [36m304 [0m1.215 ms - -[0m
[0mGET /js/register.js [36m304 [0m1.670 ms - -[0m
[0mGET /api/session [36m304 [0m3.210 ms - -[0m
[0mGET / [36m304 [0m186.906 ms - -[0m
[0mGET /css/normalize.css [36m304 [0m2.062 ms - -[0m
[0mGET /css/main.css [36m304 [0m2.317 ms - -[0m
[0mGET /css/common/common.css [36m304 [0m2.621 ms - -[0m
[0mGET /js/common.js [36m304 [0m1.891 ms - -[0m
[0mGET /img/capitol.jpg [36m304 [0m1.465 ms - -[0m
[0mGET /api/session [36m304 [0m1.945 ms - -[0m
[0mGET /signup [32m200 [0m154.406 ms - -[0m
[0mGET /signup [36m304 [0m139.450 ms - -[0m
[0mGET /css/normalize.css [36m304 [0m1.395 ms - -[0m
[0mGET /css/main.css [36m304 [0m1.459 ms - -[0m
[0mGET /css/common/common.css [36m304 [0m3.202 ms - -[0m
[0mGET /js/common.js [36m304 [0m13.217 ms - -[0m
[0mGET /js/register.js [36m304 [0m12.967 ms - -[0m
[0mGET /api/session [36m304 [0m2.842 ms - -[0m
[0mGET /signin [36m304 [0m181.770 ms - -[0m
[0mGET /css/normalize.css [36m304 [0m2.676 ms - -[0m
[0mGET /css/main.css [36m304 [0m1.479 ms - -[0m
[0mGET /css/common/common.css [36m304 [0m2.685 ms - -[0m
[0mGET /js/common.js [36m304 [0m2.387 ms - -[0m
[0mGET /js/login.js [36m304 [0m1.852 ms - -[0m
[0mGET /api/session [36m304 [0m4.580 ms - -[0m
[0mGET / [36m304 [0m166.397 ms - -[0m
[0mGET /css/normalize.css [36m304 [0m4.802 ms - -[0m
[0mGET /css/main.css [36m304 [0m5.122 ms - -[0m
[0mGET /css/common/common.css [36m304 [0m4.748 ms - -[0m
[0mGET /js/common.js [36m304 [0m3.142 ms - -[0m
[0mGET /img/capitol.jpg [36m304 [0m1.396 ms - -[0m
[0mGET /api/session [36m304 [0m1.865 ms - -[0m
[0mGET / [32m200 [0m142.302 ms - 1359[0m
[0mGET / [32m200 [0m211.356 ms - 1359[0m
[0mGET / [32m200 [0m131.089 ms - 1359[0m
[+] Bad request has been logged
{ [Error: Not Found] status: 404 }
[0mGET /robots.txt [33m404 [0m47.892 ms - 1089[0m
[+] Bad request has been logged
{ [Error: Not Found] status: 404 }
[0mGET /sitemap.xml [33m404 [0m42.141 ms - 1089[0m
[+] Bad request has been logged
{ [Error: Not Found] status: 404 }
[0mGET /sitemap.xml.gz [33m404 [0m72.557 ms - 1089[0m
[0mGET / [32m200 [0m142.906 ms - 1359[0m
[0mHEAD / [32m200 [0m148.502 ms - 1359[0m
[0mHEAD / [32m200 [0m202.642 ms - 1359[0m
[0mGET / [32m200 [0m302.916 ms - -[0m
[0mGET /css/normalize.css [32m200 [0m3.151 ms - -[0m
[0mGET /css/main.css [32m200 [0m3.096 ms - -[0m
[0mGET /css/common/common.css [32m200 [0m4.404 ms - -[0m
[0mGET /js/common.js [32m200 [0m3.516 ms - -[0m
[0mGET /img/capitol.jpg [32m200 [0m295.515 ms - 131360[0m
[0mGET / [36m304 [0m168.016 ms - -[0m
[0mGET /css/normalize.css [36m304 [0m1.740 ms - -[0m
[0mGET /css/common/common.css [36m304 [0m1.631 ms - -[0m
[0mGET /js/common.js [36m304 [0m1.337 ms - -[0m
[0mGET /css/main.css [36m304 [0m1.577 ms - -[0m
[0mGET /img/capitol.jpg [36m304 [0m1.536 ms - -[0m
[0mGET /api/session [36m304 [0m1.970 ms - -[0m
[0mGET / [32m200 [0m137.781 ms - -[0m
[0mGET /css/normalize.css [32m200 [0m3.586 ms - -[0m
[0mGET /css/common/common.css [32m200 [0m7.661 ms - -[0m
[0mGET /js/common.js [32m200 [0m7.188 ms - -[0m
[0mGET /css/main.css [32m200 [0m6.590 ms - -[0m
[0mGET /font/CaviarDreams.ttf [32m200 [0m10.521 ms - -[0m
[0mGET /font/SWISS-LIGHT.ttf [32m200 [0m7.545 ms - -[0m
[0mGET /font/MYRIADPRO-REGULAR.OTF [32m200 [0m17.209 ms - -[0m
[0mGET /api/session [32m200 [0m1.857 ms - 54[0m
[0mGET /img/capitol.jpg [32m200 [0m222.460 ms - 131360[0m
[0mGET / [36m304 [0m143.620 ms - -[0m
[0mGET /css/normalize.css [36m304 [0m3.022 ms - -[0m
[0mGET /css/main.css [36m304 [0m1.665 ms - -[0m
[0mGET /css/common/common.css [32m200 [0m2.770 ms - -[0m
[0mGET /js/common.js [36m304 [0m1.533 ms - -[0m
[0mGET /img/capitol.jpg [36m304 [0m1.546 ms - -[0m
[0mGET /api/session [36m304 [0m2.317 ms - -[0m
[0mGET / [36m304 [0m233.907 ms - -[0m
[0mGET /css/normalize.css [36m304 [0m3.364 ms - -[0m
[0mGET /css/main.css [36m304 [0m2.213 ms - -[0m
[0mGET /js/common.js [36m304 [0m2.146 ms - -[0m
[0mGET /css/common/common.css [32m200 [0m4.075 ms - -[0m
[0mGET /img/capitol.jpg [36m304 [0m2.279 ms - -[0m
[0mGET /api/session [36m304 [0m2.327 ms - -[0m
[0mGET / [36m304 [0m182.186 ms - -[0m
[0mGET /css/normalize.css [36m304 [0m4.598 ms - -[0m
[0mGET /css/main.css [36m304 [0m3.885 ms - -[0m
[0mGET /js/common.js [36m304 [0m2.266 ms - -[0m
[0mGET /css/common/common.css [36m304 [0m3.242 ms - -[0m
[0mGET /img/capitol.jpg [36m304 [0m1.802 ms - -[0m
[0mGET /api/session [36m304 [0m2.561 ms - -[0m
[0mGET / [36m304 [0m166.240 ms - -[0m
[0mGET /css/normalize.css [36m304 [0m3.165 ms - -[0m
[0mGET /css/main.css [36m304 [0m2.527 ms - -[0m
[0mGET /css/common/common.css [32m200 [0m3.158 ms - -[0m
[0mGET /js/common.js [36m304 [0m1.475 ms - -[0m
[0mGET /img/capitol.jpg [36m304 [0m2.100 ms - -[0m
[0mGET /api/session [36m304 [0m2.149 ms - -[0m
[0mGET / [36m304 [0m148.013 ms - -[0m
[0mGET /css/normalize.css [36m304 [0m1.858 ms - -[0m
[0mGET /css/main.css [36m304 [0m1.667 ms - -[0m
[0mGET /css/common/common.css [36m304 [0m1.388 ms - -[0m
[0mGET /js/common.js [36m304 [0m1.336 ms - -[0m
[0mGET /img/capitol.jpg [36m304 [0m1.558 ms - -[0m
[0mGET /api/session [36m304 [0m1.765 ms - -[0m
[0mGET / [32m200 [0m134.734 ms - -[0m
[0mGET /css/normalize.css [32m200 [0m5.465 ms - -[0m
[0mGET /css/main.css [32m200 [0m6.035 ms - -[0m
[0mGET /css/common/common.css [32m200 [0m5.856 ms - -[0m
[0mGET /js/common.js [32m200 [0m4.538 ms - -[0m
[0mGET /font/CaviarDreams.ttf [32m200 [0m7.675 ms - -[0m
[0mGET /font/SWISS-LIGHT.ttf [32m200 [0m4.866 ms - -[0m
[0mGET /font/MYRIADPRO-REGULAR.OTF [32m200 [0m14.982 ms - -[0m
[0mGET /api/session [32m200 [0m1.640 ms - 54[0m
[0mGET /img/capitol.jpg [32m200 [0m226.936 ms - 131360[0m
[0mGET / [36m304 [0m144.176 ms - -[0m
[0mGET /css/normalize.css [36m304 [0m5.900 ms - -[0m
[0mGET /css/main.css [36m304 [0m7.487 ms - -[0m
[0mGET /js/common.js [36m304 [0m2.877 ms - -[0m
[0mGET /css/common/common.css [32m200 [0m5.451 ms - -[0m
[0mGET /img/capitol.jpg [36m304 [0m1.538 ms - -[0m
[0mGET /api/session [36m304 [0m1.826 ms - -[0m
[0mGET / [36m304 [0m161.009 ms - -[0m
[0mGET /css/normalize.css [36m304 [0m2.967 ms - -[0m
[0mGET /css/main.css [36m304 [0m3.498 ms - -[0m
[0mGET /js/common.js [36m304 [0m2.098 ms - -[0m
[0mGET /css/common/common.css [32m200 [0m4.622 ms - -[0m
[0mGET /img/capitol.jpg [36m304 [0m1.617 ms - -[0m
[0mGET /api/session [36m304 [0m2.268 ms - -[0m
[0mGET / [36m304 [0m165.873 ms - -[0m
[0mGET /css/normalize.css [36m304 [0m3.755 ms - -[0m
[0mGET /css/main.css [36m304 [0m3.162 ms - -[0m
[0mGET /js/common.js [36m304 [0m1.666 ms - -[0m
[0mGET /css/common/common.css [32m200 [0m3.960 ms - -[0m
[0mGET /img/capitol.jpg [36m304 [0m1.518 ms - -[0m
[0mGET /api/session [36m304 [0m1.954 ms - -[0m
[0mGET / [36m304 [0m142.495 ms - -[0m
[0mGET /css/normalize.css [36m304 [0m1.530 ms - -[0m
[0mGET /css/main.css [36m304 [0m1.726 ms - -[0m
[0mGET /css/common/common.css [36m304 [0m0.949 ms - -[0m
[0mGET /js/common.js [36m304 [0m1.473 ms - -[0m
[0mGET /img/capitol.jpg [36m304 [0m1.520 ms - -[0m
[0mGET /api/session [36m304 [0m1.633 ms - -[0m
[0mGET / [36m304 [0m152.160 ms - -[0m
[0mGET /css/normalize.css [36m304 [0m1.571 ms - -[0m
[0mGET /css/main.css [36m304 [0m1.089 ms - -[0m
[0mGET /js/common.js [36m304 [0m1.553 ms - -[0m
[0mGET /css/common/common.css [32m200 [0m3.697 ms - -[0m
[0mGET /img/capitol.jpg [36m304 [0m1.675 ms - -[0m
[0mGET /api/session [36m304 [0m1.736 ms - -[0m
[0mGET / [36m304 [0m132.559 ms - -[0m
[0mGET /css/normalize.css [36m304 [0m2.181 ms - -[0m
[0mGET /css/main.css [36m304 [0m1.065 ms - -[0m
[0mGET /js/common.js [36m304 [0m2.947 ms - -[0m
[0mGET /css/common/common.css [32m200 [0m5.137 ms - -[0m
[0mGET /img/capitol.jpg [36m304 [0m3.051 ms - -[0m
[0mGET /api/session [36m304 [0m2.012 ms - -[0m
[0mGET / [36m304 [0m128.494 ms - -[0m
[0mGET /css/normalize.css [36m304 [0m5.511 ms - -[0m
[0mGET /css/main.css [36m304 [0m6.499 ms - -[0m
[0mGET /js/common.js [36m304 [0m2.435 ms - -[0m
[0mGET /css/common/common.css [32m200 [0m4.621 ms - -[0m
[0mGET /img/capitol.jpg [36m304 [0m1.890 ms - -[0m
[0mGET /api/session [36m304 [0m1.741 ms - -[0m
[0mGET / [36m304 [0m199.094 ms - -[0m
[0mGET /css/normalize.css [36m304 [0m2.450 ms - -[0m
[0mGET /css/main.css [36m304 [0m1.820 ms - -[0m
[0mGET /css/common/common.css [32m200 [0m3.433 ms - -[0m
[0mGET /js/common.js [36m304 [0m1.668 ms - -[0m
[0mGET /img/capitol.jpg [36m304 [0m1.624 ms - -[0m
[0mGET /api/session [36m304 [0m2.117 ms - -[0m
[0mGET / [36m304 [0m170.470 ms - -[0m
[0mGET /css/normalize.css [36m304 [0m2.644 ms - -[0m
[0mGET /css/main.css [36m304 [0m2.550 ms - -[0m
[0mGET /css/common/common.css [32m200 [0m3.212 ms - -[0m
[0mGET /js/common.js [36m304 [0m1.369 ms - -[0m
[0mGET /img/capitol.jpg [36m304 [0m1.606 ms - -[0m
[0mGET /api/session [36m304 [0m2.199 ms - -[0m
[0mGET / [36m304 [0m140.385 ms - -[0m
[0mGET /css/normalize.css [36m304 [0m1.623 ms - -[0m
[0mGET /css/main.css [36m304 [0m1.032 ms - -[0m
[0mGET /js/common.js [36m304 [0m1.699 ms - -[0m
[0mGET /css/common/common.css [32m200 [0m3.386 ms - -[0m
[0mGET /img/capitol.jpg [36m304 [0m1.586 ms - -[0m
[0mGET /api/session [36m304 [0m1.937 ms - -[0m
[0mGET / [36m304 [0m130.238 ms - -[0m
[0mGET /css/normalize.css [36m304 [0m1.607 ms - -[0m
[0mGET /css/main.css [36m304 [0m1.392 ms - -[0m
[0mGET /css/common/common.css [32m200 [0m2.707 ms - -[0m
[0mGET /js/common.js [36m304 [0m1.555 ms - -[0m
[0mGET /img/capitol.jpg [36m304 [0m2.209 ms - -[0m
[0mGET /api/session [36m304 [0m1.885 ms - -[0m
[0mGET / [36m304 [0m133.963 ms - -[0m
[0mGET /css/normalize.css [36m304 [0m2.163 ms - -[0m
[0mGET /css/main.css [36m304 [0m1.342 ms - -[0m
[0mGET /css/common/common.css [32m200 [0m2.858 ms - -[0m
[0mGET /js/common.js [36m304 [0m1.525 ms - -[0m
[0mGET /img/capitol.jpg [36m304 [0m1.490 ms - -[0m
[0mGET /api/session [36m304 [0m1.881 ms - -[0m
[0mGET / [36m304 [0m196.495 ms - -[0m
[0mGET /css/normalize.css [36m304 [0m5.964 ms - -[0m
[0mGET /css/main.css [36m304 [0m4.684 ms - -[0m
[0mGET /js/common.js [36m304 [0m2.276 ms - -[0m
[0mGET /css/common/common.css [32m200 [0m8.317 ms - -[0m
[0mGET /img/capitol.jpg [36m304 [0m1.917 ms - -[0m
[0mGET /api/session [36m304 [0m2.111 ms - -[0m
[0mGET /signup [32m200 [0m173.307 ms - -[0m
[0mGET /css/normalize.css [36m304 [0m1.875 ms - -[0m
[0mGET /css/main.css [36m304 [0m1.268 ms - -[0m
[0mGET /css/common/common.css [36m304 [0m2.440 ms - -[0m
[0mGET /js/common.js [36m304 [0m2.015 ms - -[0m
[0mGET /js/register.js [32m200 [0m3.067 ms - -[0m
[0mGET /font/MYRIADPRO-COND.OTF [32m200 [0m17.828 ms - -[0m
[0mGET /api/session [36m304 [0m2.185 ms - -[0m
[0mGET / [36m304 [0m135.090 ms - -[0m
[0mGET /css/normalize.css [36m304 [0m2.305 ms - -[0m
[0mGET /css/main.css [36m304 [0m1.879 ms - -[0m
[0mGET /css/common/common.css [36m304 [0m1.021 ms - -[0m
[0mGET /js/common.js [36m304 [0m1.017 ms - -[0m
[0mGET /img/capitol.jpg [36m304 [0m1.884 ms - -[0m
[0mGET /api/session [36m304 [0m1.737 ms - -[0m
[+] Bad request has been logged
{ [Error: Not Found] status: 404 }
[0mGET /RAP/2015/03/hfd-rescues-tiny-maltipoo-dog-trapped-48-hours-by-robyn-arouty/feed/ [33m404 [0m44.761 ms - -[0m
Environment: production
{ [TypeError: /root/views/layouts/layout.jade:31
    29| 					div(id='headerLogo')  DMV EXCHANGE 
    30| 				div(id='headerControls')
  > 31| 					if USER.LOGGED_IN
    32| 						a(href='/account/mail')
    33| 							div(id='left') Mail					
    34| 						a(href='/tips')

Cannot read property 'LOGGED_IN' of undefined] path: '/root/views/layouts/layout.jade' }
[TypeError: Cannot use 'in' operator to search for 'LOGGED_IN' in undefined]
TypeError: /root/views/layouts/layout.jade:31
    29| 					div(id='headerLogo')  DMV EXCHANGE 
    30| 				div(id='headerControls')
  > 31| 					if USER.LOGGED_IN
    32| 						a(href='/account/mail')
    33| 							div(id='left') Mail					
    34| 						a(href='/tips')

Cannot read property 'LOGGED_IN' of undefined
    at eval (eval at <anonymous> (/root/node_modules/jade/lib/index.js:218:8), <anonymous>:155:10)
    at eval (eval at <anonymous> (/root/node_modules/jade/lib/index.js:218:8), <anonymous>:624:22)
    at res (/root/node_modules/jade/lib/index.js:219:38)
    at Object.exports.renderFile (/root/node_modules/jade/lib/index.js:380:38)
    at View.exports.renderFile [as engine] (/root/node_modules/jade/lib/index.js:370:21)
    at View.render (/root/node_modules/express/lib/view.js:93:8)
    at EventEmitter.app.render (/root/node_modules/express/lib/application.js:566:10)
    at ServerResponse.res.render (/root/node_modules/express/lib/response.js:938:7)
    at module.exports (/root/app.js:121:7)
    at Layer.handle_error (/root/node_modules/express/lib/router/layer.js:58:5)
[0mGET / [31m500 [0m84.502 ms - -[0m
Environment: production
{ [TypeError: /root/views/layouts/layout.jade:31
    29| 					div(id='headerLogo')  DMV EXCHANGE 
    30| 				div(id='headerControls')
  > 31| 					if USER.LOGGED_IN
    32| 						a(href='/account/mail')
    33| 							div(id='left') Mail					
    34| 						a(href='/tips')

Cannot read property 'LOGGED_IN' of undefined] path: '/root/views/layouts/layout.jade' }
[TypeError: Cannot use 'in' operator to search for 'LOGGED_IN' in undefined]
TypeError: /root/views/layouts/layout.jade:31
    29| 					div(id='headerLogo')  DMV EXCHANGE 
    30| 				div(id='headerControls')
  > 31| 					if USER.LOGGED_IN
    32| 						a(href='/account/mail')
    33| 							div(id='left') Mail					
    34| 						a(href='/tips')

Cannot read property 'LOGGED_IN' of undefined
    at eval (eval at <anonymous> (/root/node_modules/jade/lib/index.js:218:8), <anonymous>:155:10)
    at eval (eval at <anonymous> (/root/node_modules/jade/lib/index.js:218:8), <anonymous>:624:22)
    at res (/root/node_modules/jade/lib/index.js:219:38)
    at Object.exports.renderFile (/root/node_modules/jade/lib/index.js:380:38)
    at View.exports.renderFile [as engine] (/root/node_modules/jade/lib/index.js:370:21)
    at View.render (/root/node_modules/express/lib/view.js:93:8)
    at EventEmitter.app.render (/root/node_modules/express/lib/application.js:566:10)
    at ServerResponse.res.render (/root/node_modules/express/lib/response.js:938:7)
    at module.exports (/root/app.js:121:7)
    at Layer.handle_error (/root/node_modules/express/lib/router/layer.js:58:5)
[0mGET /favicon.ico [31m500 [0m81.236 ms - -[0m
Environment: production
{ [TypeError: /root/views/layouts/layout.jade:31
    29| 					div(id='headerLogo')  DMV EXCHANGE 
    30| 				div(id='headerControls')
  > 31| 					if USER.LOGGED_IN
    32| 						a(href='/account/mail')
    33| 							div(id='left') Mail					
    34| 						a(href='/tips')

Cannot read property 'LOGGED_IN' of undefined] path: '/root/views/layouts/layout.jade' }
[TypeError: Cannot use 'in' operator to search for 'LOGGED_IN' in undefined]
TypeError: /root/views/layouts/layout.jade:31
    29| 					div(id='headerLogo')  DMV EXCHANGE 
    30| 				div(id='headerControls')
  > 31| 					if USER.LOGGED_IN
    32| 						a(href='/account/mail')
    33| 							div(id='left') Mail					
    34| 						a(href='/tips')

Cannot read property 'LOGGED_IN' of undefined
    at eval (eval at <anonymous> (/root/node_modules/jade/lib/index.js:218:8), <anonymous>:155:10)
    at eval (eval at <anonymous> (/root/node_modules/jade/lib/index.js:218:8), <anonymous>:624:22)
    at res (/root/node_modules/jade/lib/index.js:219:38)
    at Object.exports.renderFile (/root/node_modules/jade/lib/index.js:380:38)
    at View.exports.renderFile [as engine] (/root/node_modules/jade/lib/index.js:370:21)
    at View.render (/root/node_modules/express/lib/view.js:93:8)
    at EventEmitter.app.render (/root/node_modules/express/lib/application.js:566:10)
    at ServerResponse.res.render (/root/node_modules/express/lib/response.js:938:7)
    at module.exports (/root/app.js:121:7)
    at Layer.handle_error (/root/node_modules/express/lib/router/layer.js:58:5)
[0mGET / [31m500 [0m85.181 ms - -[0m
Environment: production
{ [TypeError: /root/views/layouts/layout.jade:31
    29| 					div(id='headerLogo')  DMV EXCHANGE 
    30| 				div(id='headerControls')
  > 31| 					if USER.LOGGED_IN
    32| 						a(href='/account/mail')
    33| 							div(id='left') Mail					
    34| 						a(href='/tips')

Cannot read property 'LOGGED_IN' of undefined] path: '/root/views/layouts/layout.jade' }
[TypeError: Cannot use 'in' operator to search for 'LOGGED_IN' in undefined]
TypeError: /root/views/layouts/layout.jade:31
    29| 					div(id='headerLogo')  DMV EXCHANGE 
    30| 				div(id='headerControls')
  > 31| 					if USER.LOGGED_IN
    32| 						a(href='/account/mail')
    33| 							div(id='left') Mail					
    34| 						a(href='/tips')

Cannot read property 'LOGGED_IN' of undefined
    at eval (eval at <anonymous> (/root/node_modules/jade/lib/index.js:218:8), <anonymous>:155:10)
    at eval (eval at <anonymous> (/root/node_modules/jade/lib/index.js:218:8), <anonymous>:624:22)
    at res (/root/node_modules/jade/lib/index.js:219:38)
    at Object.exports.renderFile (/root/node_modules/jade/lib/index.js:380:38)
    at View.exports.renderFile [as engine] (/root/node_modules/jade/lib/index.js:370:21)
    at View.render (/root/node_modules/express/lib/view.js:93:8)
    at EventEmitter.app.render (/root/node_modules/express/lib/application.js:566:10)
    at ServerResponse.res.render (/root/node_modules/express/lib/response.js:938:7)
    at module.exports (/root/app.js:121:7)
    at Layer.handle_error (/root/node_modules/express/lib/router/layer.js:58:5)
[0mGET /favicon.ico [31m500 [0m80.076 ms - -[0m
